<?xml version="1.0" encoding="UTF-8"?>
<!-- Generated by org.testng.reporters.JUnitXMLReporter -->
<testsuite ignored="2" hostname="CPC-debas-HPLU6" failures="0" tests="1" name="Default test" time="7.371" errors="0" timestamp="2024-05-30T14:29:37 IST">
  <testcase classname="xpathPageTest.SelectorsHubTest" name="clickOnSVGElementTest" time="0.358"/>
  <testcase classname="xpathPageTest.SelectorsHubTest" name="fillFormTest" time="0.0">
    <ignored/>
  </testcase> <!-- fillFormTest -->
  <testcase classname="xpathPageTest.SelectorsHubTest" name="fillFirstCrushFieldTest" time="0.0">
    <ignored/>
  </testcase> <!-- fillFirstCrushFieldTest -->
</testsuite> <!-- Default test -->
