<?xml version="1.0" encoding="UTF-8"?>
<testng-results ignored="0" total="1" passed="1" failed="0" skipped="0">
  <reporter-output>
  </reporter-output>
  <suite started-at="2024-05-30T14:29:30 IST" name="Default suite" finished-at="2024-05-30T14:29:37 IST" duration-ms="7371">
    <groups>
    </groups>
    <test started-at="2024-05-30T14:29:30 IST" name="Default test" finished-at="2024-05-30T14:29:37 IST" duration-ms="7371">
      <class name="xpathPageTest.SelectorsHubTest">
        <test-method is-config="true" signature="setup()[pri:0, instance:xpathPageTest.SelectorsHubTest@3e694b3f]" started-at="2024-05-30T14:29:30 IST" name="setup" finished-at="2024-05-30T14:29:37 IST" duration-ms="6954" status="PASS">
          <reporter-output>
          </reporter-output>
        </test-method> <!-- setup -->
        <test-method signature="clickOnSVGElementTest()[pri:0, instance:xpathPageTest.SelectorsHubTest@3e694b3f]" started-at="2024-05-30T14:29:37 IST" name="clickOnSVGElementTest" finished-at="2024-05-30T14:29:37 IST" duration-ms="358" status="PASS">
          <reporter-output>
          </reporter-output>
        </test-method> <!-- clickOnSVGElementTest -->
      </class> <!-- xpathPageTest.SelectorsHubTest -->
    </test> <!-- Default test -->
  </suite> <!-- Default suite -->
</testng-results>
